
oook
2020-09-25 20:35:33

oook
2020-09-25 20:36:35

oook
2020-09-25 20:37:01

oook
2020-09-25 20:37:05

2020-09-25 20:57:30
oook
2020-09-25 20:57:30
2020-09-25 20:57:30
2020-09-25 21:11:10
*************  start lgx server...  ***************
2020-09-25 21:11:22
connected: ip: 127.0.0.154858
2020-09-25 21:11:22
request: get
2020-09-25 21:11:22
request: get
2020-09-25 21:13:27
*************  start lgx server...  ***************
2020-09-25 21:13:31
connected: ip: 127.0.0.154870
2020-09-25 21:13:31
request: get